#
# There is insufficient memory for the Java Runtime Environment to continue.
# Native memory allocation (malloc) failed to allocate 1048576 bytes. Error detail: AllocateHeap
# Possible reasons:
#   The system is out of physical RAM or swap space
#   This process is running with CompressedOops enabled, and the Java Heap may be blocking the growth of the native heap
# Possible solutions:
#   Reduce memory load on the system
#   Increase physical memory or swap space
#   Check if swap backing store is full
#   Decrease Java heap size (-Xmx/-Xms)
#   Decrease number of Java threads
#   Decrease Java thread stack sizes (-Xss)
#   Set larger code cache with -XX:ReservedCodeCacheSize=
#   JVM is running with Unscaled Compressed Oops mode in which the Java heap is
#     placed in the first 4GB address space. The Java Heap base address is the
#     maximum limit for the native heap growth. Please use -XX:HeapBaseMinAddress
#     to set the Java Heap base and to place the Java Heap above 4GB virtual address.
# This output file may be truncated or incomplete.
#
#  Out of Memory Error (allocation.cpp:44), pid=10048, tid=19716
#
# JRE version:  (21.0.7+6) (build )
# Java VM: OpenJDK 64-Bit Server VM (21.0.7+6-LTS, mixed mode, sharing, tiered, compressed oops, compressed class ptrs, parallel gc, windows-amd64)
# No core dump will be written. Minidumps are not enabled by default on client versions of Windows
#

---------------  S U M M A R Y ------------

Command Line: --add-modules=ALL-SYSTEM --add-opens=java.base/java.util=ALL-UNNAMED --add-opens=java.base/java.lang=ALL-UNNAMED --add-opens=java.base/sun.nio.fs=ALL-UNNAMED -Declipse.application=org.eclipse.jdt.ls.core.id1 -Dosgi.bundles.defaultStartLevel=4 -Declipse.product=org.eclipse.jdt.ls.core.product -Djava.import.generatesMetadataFilesAtProjectRoot=false -DDetectVMInstallationsJob.disabled=true -Dfile.encoding=utf8 -XX:+UseParallelGC -XX:GCTimeRatio=4 -XX:AdaptiveSizePolicyWeight=90 -Dsun.zip.disableMemoryMapping=true -Xmx2G -Xms100m -Xlog:disable -javaagent:c:\Users\Lenovo\.vscode\extensions\redhat.java-1.43.1-win32-x64\lombok\lombok-1.18.39-4050.jar -XX:+HeapDumpOnOutOfMemoryError -XX:HeapDumpPath=c:\Users\Lenovo\AppData\Roaming\Code\User\workspaceStorage\889652290e30421cbe770f740fbe2c44\redhat.java -Daether.dependencyCollector.impl=bf c:\Users\Lenovo\.vscode\extensions\redhat.java-1.43.1-win32-x64\server\plugins\org.eclipse.equinox.launcher_1.7.0.v20250519-0528.jar -configuration c:\Users\Lenovo\AppData\Roaming\Code\User\globalStorage\redhat.java\1.43.1\config_win -data c:\Users\Lenovo\AppData\Roaming\Code\User\workspaceStorage\889652290e30421cbe770f740fbe2c44\redhat.java\jdt_ws --pipe=\\.\pipe\lsp-ee16b70768a1ffc480e886222c23cd90-sock

Host: Intel(R) Core(TM) i5-10210U CPU @ 1.60GHz, 8 cores, 15G,  Windows 10 , 64 bit Build 19041 (10.0.19041.5915)
Time: Tue Jul 22 13:31:51 2025 India Standard Time elapsed time: 0.041116 seconds (0d 0h 0m 0s)

---------------  T H R E A D  ---------------

Current thread (0x0000024c9f87e7d0):  JavaThread "Unknown thread" [_thread_in_vm, id=19716, stack(0x000000ca6b200000,0x000000ca6b300000) (1024K)]

Stack: [0x000000ca6b200000,0x000000ca6b300000]
Native frames: (J=compiled Java code, j=interpreted, Vv=VM code, C=native code)
V  [jvm.dll+0x6ce119]
V  [jvm.dll+0x8a84a1]
V  [jvm.dll+0x8aa9ce]
V  [jvm.dll+0x8ab0b3]
V  [jvm.dll+0x27f8a6]
V  [jvm.dll+0xbfba7]
V  [jvm.dll+0x702092]
V  [jvm.dll+0x702dcc]
V  [jvm.dll+0x6dcc63]
V  [jvm.dll+0x871dbc]
V  [jvm.dll+0x3bc47c]
V  [jvm.dll+0x85a848]
V  [jvm.dll+0x45080e]
V  [jvm.dll+0x452451]
C  [jli.dll+0x5278]
C  [ucrtbase.dll+0x21bb2]
C  [KERNEL32.DLL+0x17374]
C  [ntdll.dll+0x4cc91]


---------------  P R O C E S S  ---------------

Threads class SMR info:
_java_thread_list=0x0000024c9f946520, length=1, elements={
0x0000024c9f87e7d0
}

Java Threads: ( => current thread )
=>0x0000024c9f87e7d0 JavaThread "Unknown thread"             [_thread_in_vm, id=19716, stack(0x000000ca6b200000,0x000000ca6b300000) (1024K)]
Total: 1

Other Threads:
  0x0000024c9f9477d0 WatcherThread "VM Periodic Task Thread"        [id=13792, stack(0x000000ca6b400000,0x000000ca6b500000) (1024K)]
  0x0000024c9f89da00 WorkerThread "GC Thread#0"                     [id=20240, stack(0x000000ca6b300000,0x000000ca6b400000) (1024K)]
Total: 2

Threads with active compile tasks:
Total: 0

VM state: not at safepoint (normal execution)

VM Mutex/Monitor currently owned by a thread: None

Heap address: 0x0000000080000000, size: 2048 MB, Compressed Oops mode: 32-bit

CDS archive(s) mapped at: [0x0000024cb7000000-0x0000024cb7ba0000-0x0000024cb7ba0000), size 12189696, SharedBaseAddress: 0x0000024cb7000000, ArchiveRelocationMode: 1.
Compressed class space mapped at: 0x0000024cb8000000-0x0000024cf8000000, reserved size: 1073741824
Narrow klass base: 0x0000024cb7000000, Narrow klass shift: 0, Narrow klass range: 0x100000000

GC Precious Log:
 CardTable entry size: 512
 CPUs: 8 total, 8 available
 Memory: 16138M
 Large Page Support: Disabled
 NUMA Support: Disabled
 Compressed Oops: Enabled (32-bit)
 Alignments: Space 512K, Generation 512K, Heap 2M
 Heap Min Capacity: 100M
 Heap Initial Capacity: 100M
 Heap Max Capacity: 2G
 Pre-touch: Disabled
 Parallel Workers: 8

Heap:
 PSYoungGen      total 29696K, used 512K [0x00000000d5580000, 0x00000000d7680000, 0x0000000100000000)
  eden space 25600K, 2% used [0x00000000d5580000,0x00000000d5600020,0x00000000d6e80000)
  from space 4096K, 0% used [0x00000000d7280000,0x00000000d7280000,0x00000000d7680000)
  to   space 4096K, 0% used [0x00000000d6e80000,0x00000000d6e80000,0x00000000d7280000)
 ParOldGen       total 68608K, used 0K [0x0000000080000000, 0x0000000084300000, 0x00000000d5580000)
  object space 68608K, 0% used [0x0000000080000000,0x0000000080000000,0x0000000084300000)
 Metaspace       used 0K, committed 0K, reserved 1048576K
  class space    used 0K, committed 0K, reserved 1048576K

Card table byte_map: [0x0000024c9f250000,0x0000024c9f660000] _byte_map_base: 0x0000024c9ee50000

Marking Bits: (ParMarkBitMap*) 0x00007ffc86d631f0
 Begin Bits: [0x0000024cb1d30000, 0x0000024cb3d30000)
 End Bits:   [0x0000024cb3d30000, 0x0000024cb5d30000)

Polling page: 0x0000024c9d790000

Metaspace:

Usage:
  Non-class:      0 bytes used.
      Class:      0 bytes used.
       Both:      0 bytes used.

Virtual space:
  Non-class space:        0 bytes reserved,       0 bytes (  ?%) committed,  0 nodes.
      Class space:        1.00 GB reserved,       0 bytes (  0%) committed,  1 nodes.
             Both:        1.00 GB reserved,       0 bytes (  0%) committed. 

Chunk freelists:
   Non-Class:  0 bytes
       Class:  16.00 MB
        Both:  16.00 MB

MaxMetaspaceSize: unlimited
CompressedClassSpaceSize: 1.00 GB
Initial GC threshold: 21.00 MB
Current GC threshold: 17179869184.00 GB
CDS: on
 - commit_granule_bytes: 65536.
 - commit_granule_words: 8192.
 - virtual_space_node_default_size: 8388608.
 - enlarge_chunks_in_place: 1.
 - use_allocation_guard: 0.


Internal statistics:

num_allocs_failed_limit: 0.
num_arena_births: 0.
num_arena_deaths: 0.
num_vsnodes_births: 1.
num_vsnodes_deaths: 0.
num_space_committed: 0.
num_space_uncommitted: 0.
num_chunks_returned_to_freelist: 0.
num_chunks_taken_from_freelist: 1.
num_chunk_merges: 0.
num_chunk_splits: 1.
num_chunks_enlarged: 0.
num_inconsistent_stats: 0.

CodeHeap 'non-profiled nmethods': size=120000Kb used=0Kb max_used=0Kb free=120000Kb
 bounds [0x0000024caa550000, 0x0000024caa7c0000, 0x0000024cb1a80000]
CodeHeap 'profiled nmethods': size=120000Kb used=0Kb max_used=0Kb free=120000Kb
 bounds [0x0000024ca2a80000, 0x0000024ca2cf0000, 0x0000024ca9fb0000]
CodeHeap 'non-nmethods': size=5760Kb used=194Kb max_used=342Kb free=5565Kb
 bounds [0x0000024ca9fb0000, 0x0000024caa220000, 0x0000024caa550000]
 total_blobs=70 nmethods=0 adapters=48
 compilation: enabled
              stopped_count=0, restarted_count=0
 full_count=0

Compilation events (0 events):
No events

GC Heap History (0 events):
No events

Dll operation events (1 events):
Event: 0.013 Loaded shared library c:\Users\Lenovo\.vscode\extensions\redhat.java-1.43.1-win32-x64\jre\21.0.7-win32-x86_64\bin\java.dll

Deoptimization events (0 events):
No events

Classes loaded (0 events):
No events

Classes unloaded (0 events):
No events

Classes redefined (0 events):
No events

Internal exceptions (0 events):
No events

ZGC Phase Switch (0 events):
No events

VM Operations (0 events):
No events

Memory protections (0 events):
No events

Nmethod flushes (0 events):
No events

Events (1 events):
Event: 0.036 Thread 0x0000024c9f87e7d0 Thread added: 0x0000024c9f87e7d0


Dynamic libraries:
0x00007ff7a09a0000 - 0x00007ff7a09ae000 	c:\Users\Lenovo\.vscode\extensions\redhat.java-1.43.1-win32-x64\jre\21.0.7-win32-x86_64\bin\java.exe
0x00007ffcf3ff0000 - 0x00007ffcf41e8000 	C:\Windows\SYSTEM32\ntdll.dll
0x00007ffcf3bb0000 - 0x00007ffcf3c72000 	C:\Windows\System32\KERNEL32.DLL
0x00007ffcf1870000 - 0x00007ffcf1b66000 	C:\Windows\System32\KERNELBASE.dll
0x00007ffcf1d60000 - 0x00007ffcf1e60000 	C:\Windows\System32\ucrtbase.dll
0x00007ffcbf7f0000 - 0x00007ffcbf80e000 	c:\Users\Lenovo\.vscode\extensions\redhat.java-1.43.1-win32-x64\jre\21.0.7-win32-x86_64\bin\VCRUNTIME140.dll
0x00007ffcbf7d0000 - 0x00007ffcbf7e8000 	c:\Users\Lenovo\.vscode\extensions\redhat.java-1.43.1-win32-x64\jre\21.0.7-win32-x86_64\bin\jli.dll
0x00007ffcf23d0000 - 0x00007ffcf256d000 	C:\Windows\System32\USER32.dll
0x00007ffcf1c90000 - 0x00007ffcf1cb2000 	C:\Windows\System32\win32u.dll
0x00007ffce42d0000 - 0x00007ffce456a000 	C:\Windows\WinSxS\amd64_microsoft.windows.common-controls_6595b64144ccf1df_6.0.19041.5915_none_60b4b9d171f9c7c7\COMCTL32.dll
0x00007ffcf2c80000 - 0x00007ffcf2cab000 	C:\Windows\System32\GDI32.dll
0x00007ffcf2570000 - 0x00007ffcf260e000 	C:\Windows\System32\msvcrt.dll
0x00007ffcf1b70000 - 0x00007ffcf1c89000 	C:\Windows\System32\gdi32full.dll
0x00007ffcf1cc0000 - 0x00007ffcf1d5d000 	C:\Windows\System32\msvcp_win.dll
0x00007ffcf2d10000 - 0x00007ffcf2d3f000 	C:\Windows\System32\IMM32.DLL
0x00007ffccdab0000 - 0x00007ffccdabc000 	c:\Users\Lenovo\.vscode\extensions\redhat.java-1.43.1-win32-x64\jre\21.0.7-win32-x86_64\bin\vcruntime140_1.dll
0x00007ffca34a0000 - 0x00007ffca352d000 	c:\Users\Lenovo\.vscode\extensions\redhat.java-1.43.1-win32-x64\jre\21.0.7-win32-x86_64\bin\msvcp140.dll
0x00007ffc860b0000 - 0x00007ffc86e40000 	c:\Users\Lenovo\.vscode\extensions\redhat.java-1.43.1-win32-x64\jre\21.0.7-win32-x86_64\bin\server\jvm.dll
0x00007ffcf3c80000 - 0x00007ffcf3d31000 	C:\Windows\System32\ADVAPI32.dll
0x00007ffcf3790000 - 0x00007ffcf382f000 	C:\Windows\System32\sechost.dll
0x00007ffcf2d40000 - 0x00007ffcf2e63000 	C:\Windows\System32\RPCRT4.dll
0x00007ffcf1840000 - 0x00007ffcf1867000 	C:\Windows\System32\bcrypt.dll
0x00007ffcf3d40000 - 0x00007ffcf3dab000 	C:\Windows\System32\WS2_32.dll
0x00007ffcf0e90000 - 0x00007ffcf0edb000 	C:\Windows\SYSTEM32\POWRPROF.dll
0x00007ffce15f0000 - 0x00007ffce1617000 	C:\Windows\SYSTEM32\WINMM.dll
0x00007ffce6990000 - 0x00007ffce699a000 	C:\Windows\SYSTEM32\VERSION.dll
0x00007ffcf0e10000 - 0x00007ffcf0e22000 	C:\Windows\SYSTEM32\UMPDC.dll
0x00007ffcefea0000 - 0x00007ffcefeb2000 	C:\Windows\SYSTEM32\kernel.appcore.dll
0x00007ffccc2f0000 - 0x00007ffccc2fa000 	c:\Users\Lenovo\.vscode\extensions\redhat.java-1.43.1-win32-x64\jre\21.0.7-win32-x86_64\bin\jimage.dll
0x00007ffcef4a0000 - 0x00007ffcef6a1000 	C:\Windows\SYSTEM32\DBGHELP.DLL
0x00007ffce4b50000 - 0x00007ffce4b84000 	C:\Windows\SYSTEM32\dbgcore.DLL
0x00007ffcf17b0000 - 0x00007ffcf1832000 	C:\Windows\System32\bcryptPrimitives.dll
0x00007ffccbc70000 - 0x00007ffccbc7f000 	c:\Users\Lenovo\.vscode\extensions\redhat.java-1.43.1-win32-x64\jre\21.0.7-win32-x86_64\bin\instrument.dll
0x00007ffcbf7b0000 - 0x00007ffcbf7cf000 	c:\Users\Lenovo\.vscode\extensions\redhat.java-1.43.1-win32-x64\jre\21.0.7-win32-x86_64\bin\java.dll

dbghelp: loaded successfully - version: 4.0.5 - missing functions: none
symbol engine: initialized successfully - sym options: 0x614 - pdb path: .;c:\Users\Lenovo\.vscode\extensions\redhat.java-1.43.1-win32-x64\jre\21.0.7-win32-x86_64\bin;C:\Windows\SYSTEM32;C:\Windows\WinSxS\amd64_microsoft.windows.common-controls_6595b64144ccf1df_6.0.19041.5915_none_60b4b9d171f9c7c7;c:\Users\Lenovo\.vscode\extensions\redhat.java-1.43.1-win32-x64\jre\21.0.7-win32-x86_64\bin\server

VM Arguments:
jvm_args: --add-modules=ALL-SYSTEM --add-opens=java.base/java.util=ALL-UNNAMED --add-opens=java.base/java.lang=ALL-UNNAMED --add-opens=java.base/sun.nio.fs=ALL-UNNAMED -Declipse.application=org.eclipse.jdt.ls.core.id1 -Dosgi.bundles.defaultStartLevel=4 -Declipse.product=org.eclipse.jdt.ls.core.product -Djava.import.generatesMetadataFilesAtProjectRoot=false -DDetectVMInstallationsJob.disabled=true -Dfile.encoding=utf8 -XX:+UseParallelGC -XX:GCTimeRatio=4 -XX:AdaptiveSizePolicyWeight=90 -Dsun.zip.disableMemoryMapping=true -Xmx2G -Xms100m -Xlog:disable -javaagent:c:\Users\Lenovo\.vscode\extensions\redhat.java-1.43.1-win32-x64\lombok\lombok-1.18.39-4050.jar -XX:+HeapDumpOnOutOfMemoryError -XX:HeapDumpPath=c:\Users\Lenovo\AppData\Roaming\Code\User\workspaceStorage\889652290e30421cbe770f740fbe2c44\redhat.java -Daether.dependencyCollector.impl=bf 
java_command: c:\Users\Lenovo\.vscode\extensions\redhat.java-1.43.1-win32-x64\server\plugins\org.eclipse.equinox.launcher_1.7.0.v20250519-0528.jar -configuration c:\Users\Lenovo\AppData\Roaming\Code\User\globalStorage\redhat.java\1.43.1\config_win -data c:\Users\Lenovo\AppData\Roaming\Code\User\workspaceStorage\889652290e30421cbe770f740fbe2c44\redhat.java\jdt_ws --pipe=\\.\pipe\lsp-ee16b70768a1ffc480e886222c23cd90-sock
java_class_path (initial): c:\Users\Lenovo\.vscode\extensions\redhat.java-1.43.1-win32-x64\server\plugins\org.eclipse.equinox.launcher_1.7.0.v20250519-0528.jar
Launcher Type: SUN_STANDARD

[Global flags]
    uintx AdaptiveSizePolicyWeight                 = 90                                        {product} {command line}
     intx CICompilerCount                          = 4                                         {product} {ergonomic}
    uintx GCTimeRatio                              = 4                                         {product} {command line}
     bool HeapDumpOnOutOfMemoryError               = true                                   {manageable} {command line}
    ccstr HeapDumpPath                             = c:\Users\Lenovo\AppData\Roaming\Code\User\workspaceStorage\889652290e30421cbe770f740fbe2c44\redhat.java         {manageable} {command line}
   size_t InitialHeapSize                          = 104857600                                 {product} {command line}
   size_t MaxHeapSize                              = 2147483648                                {product} {command line}
   size_t MaxNewSize                               = 715653120                                 {product} {ergonomic}
   size_t MinHeapDeltaBytes                        = 524288                                    {product} {ergonomic}
   size_t MinHeapSize                              = 104857600                                 {product} {command line}
   size_t NewSize                                  = 34603008                                  {product} {ergonomic}
    uintx NonNMethodCodeHeapSize                   = 5839372                                {pd product} {ergonomic}
    uintx NonProfiledCodeHeapSize                  = 122909434                              {pd product} {ergonomic}
   size_t OldSize                                  = 70254592                                  {product} {ergonomic}
    uintx ProfiledCodeHeapSize                     = 122909434                              {pd product} {ergonomic}
    uintx ReservedCodeCacheSize                    = 251658240                              {pd product} {ergonomic}
     bool SegmentedCodeCache                       = true                                      {product} {ergonomic}
   size_t SoftMaxHeapSize                          = 2147483648                             {manageable} {ergonomic}
     bool UseCompressedOops                        = true                           {product lp64_product} {ergonomic}
     bool UseLargePagesIndividualAllocation        = false                                  {pd product} {ergonomic}
     bool UseParallelGC                            = true                                      {product} {command line}

Logging:
Log output configuration:
 #0: stdout all=off uptime,level,tags foldmultilines=false
 #1: stderr all=off uptime,level,tags foldmultilines=false

Environment Variables:
JAVA_HOME=C:\Program Files\Microsoft\jdk-17.0.15.6-hotspot\
PATH=C:\Program Files\Microsoft\jdk-17.0.15.6-hotspot\bin;C:\Python313\Scripts\;C:\Python313\;C:\Windows\system32;C:\Windows;C:\Windows\System32\Wbem;C:\Windows\System32\WindowsPowerShell\v1.0\;C:\Windows\System32\OpenSSH\;C:\Program Files\Git\cmd;C:\Program Files\nodejs\;C:\ProgramData\chocolatey\bin;C:\Users\Lenovo\AppData\Local\Android\Sdk\tools;C:\Users\Lenovo\AppData\Local\Microsoft\WindowsApps;C:\Users\Lenovo\AppData\Local\Programs\Microsoft VS Code\bin;C:\Users\Lenovo\AppData\Roaming\npm;C:\Users\Lenovo\AppData\Local\Android\Sdk\platform-tools;C:\Users\Lenovo\AppData\Local\Programs\cursor\resources\app\bin
USERNAME=Lenovo
OS=Windows_NT
PROCESSOR_IDENTIFIER=Intel64 Family 6 Model 142 Stepping 12, GenuineIntel
TMP=C:\Users\Lenovo\AppData\Local\Temp
TEMP=C:\Users\Lenovo\AppData\Local\Temp




Periodic native trim disabled

---------------  S Y S T E M  ---------------

OS:
 Windows 10 , 64 bit Build 19041 (10.0.19041.5915)
OS uptime: 11 days 3:14 hours

CPU: total 8 (initial active 8) (4 cores per cpu, 2 threads per core) family 6 model 142 stepping 12 microcode 0xfa, cx8, cmov, fxsr, ht, mmx, 3dnowpref, sse, sse2, sse3, ssse3, sse4.1, sse4.2, popcnt, lzcnt, tsc, tscinvbit, avx, avx2, aes, erms, clmul, bmi1, bmi2, adx, fma, vzeroupper, clflush, clflushopt, rdtscp, f16c
Processor Information for the first 8 processors :
  Max Mhz: 2112, Current Mhz: 804, Mhz Limit: 802

Memory: 4k page, system-wide physical 16138M (2535M free)
TotalPageFile size 34148M (AvailPageFile size 6M)
current process WorkingSet (physical memory assigned to process): 24M, peak: 24M
current process commit charge ("private bytes"): 203M, peak: 204M

vm_info: OpenJDK 64-Bit Server VM (21.0.7+6-LTS) for windows-amd64 JRE (21.0.7+6-LTS), built on 2025-04-15T00:00:00Z by "admin" with MS VC++ 17.7 (VS2022)

END.
