#
# There is insufficient memory for the Java Runtime Environment to continue.
# Native memory allocation (malloc) failed to allocate 289296 bytes. Error detail: Chunk::new
# Possible reasons:
#   The system is out of physical RAM or swap space
#   This process is running with CompressedOops enabled, and the Java Heap may be blocking the growth of the native heap
# Possible solutions:
#   Reduce memory load on the system
#   Increase physical memory or swap space
#   Check if swap backing store is full
#   Decrease Java heap size (-Xmx/-Xms)
#   Decrease number of Java threads
#   Decrease Java thread stack sizes (-Xss)
#   Set larger code cache with -XX:ReservedCodeCacheSize=
#   JVM is running with Unscaled Compressed Oops mode in which the Java heap is
#     placed in the first 4GB address space. The Java Heap base address is the
#     maximum limit for the native heap growth. Please use -XX:HeapBaseMinAddress
#     to set the Java Heap base and to place the Java Heap above 4GB virtual address.
# This output file may be truncated or incomplete.
#
#  Out of Memory Error (arena.cpp:168), pid=16188, tid=13880
#
# JRE version: OpenJDK Runtime Environment Temurin-21.0.7+6 (21.0.7+6) (build 21.0.7+6-LTS)
# Java VM: OpenJDK 64-Bit Server VM Temurin-21.0.7+6 (21.0.7+6-LTS, mixed mode, sharing, tiered, compressed oops, compressed class ptrs, parallel gc, windows-amd64)
# No core dump will be written. Minidumps are not enabled by default on client versions of Windows
#

---------------  S U M M A R Y ------------

Command Line: --add-modules=ALL-SYSTEM --add-opens=java.base/java.util=ALL-UNNAMED --add-opens=java.base/java.lang=ALL-UNNAMED --add-opens=java.base/sun.nio.fs=ALL-UNNAMED -Declipse.application=org.eclipse.jdt.ls.core.id1 -Dosgi.bundles.defaultStartLevel=4 -Declipse.product=org.eclipse.jdt.ls.core.product -Djava.import.generatesMetadataFilesAtProjectRoot=false -DDetectVMInstallationsJob.disabled=true -Dfile.encoding=utf8 -XX:+UseParallelGC -XX:GCTimeRatio=4 -XX:AdaptiveSizePolicyWeight=90 -Dsun.zip.disableMemoryMapping=true -Xmx2G -Xms100m -Xlog:disable -javaagent:c:\Users\Lenovo\.vscode\extensions\redhat.java-1.43.1-win32-x64\lombok\lombok-1.18.39-4050.jar c:\Users\Lenovo\.vscode\extensions\redhat.java-1.43.1-win32-x64\server\plugins\org.eclipse.equinox.launcher_1.7.0.v20250519-0528.jar -configuration c:\Users\Lenovo\AppData\Roaming\Code\User\globalStorage\redhat.java\1.43.1\config_ss_win -data c:\Users\Lenovo\AppData\Roaming\Code\User\workspaceStorage\889652290e30421cbe770f740fbe2c44\redhat.java\ss_ws --pipe=\\.\pipe\lsp-c6fc6ccc2a1e87872085e5cbe7e9a708-sock

Host: Intel(R) Core(TM) i5-10210U CPU @ 1.60GHz, 8 cores, 15G,  Windows 10 , 64 bit Build 19041 (10.0.19041.5915)
Time: Tue Jul 22 13:31:51 2025 India Standard Time elapsed time: 3.101429 seconds (0d 0h 0m 3s)

---------------  T H R E A D  ---------------

Current thread (0x0000022a9662cb50):  JavaThread "C2 CompilerThread1" daemon [_thread_in_native, id=13880, stack(0x000000f717400000,0x000000f717500000) (1024K)]


Current CompileTask:
C2:3101 2425 %     4       java.util.Properties$LineReader::readLine @ 224 (584 bytes)

Stack: [0x000000f717400000,0x000000f717500000]
Native frames: (J=compiled Java code, j=interpreted, Vv=VM code, C=native code)
V  [jvm.dll+0x6ce119]
V  [jvm.dll+0x8a84a1]
V  [jvm.dll+0x8aa9ce]
V  [jvm.dll+0x8ab0b3]
V  [jvm.dll+0x27f8a6]
V  [jvm.dll+0xc507d]
V  [jvm.dll+0xc55b3]
V  [jvm.dll+0x3b68f2]
V  [jvm.dll+0x382aa5]
V  [jvm.dll+0x381f0a]
V  [jvm.dll+0x247af0]
V  [jvm.dll+0x2470cf]
V  [jvm.dll+0x1c760e]
V  [jvm.dll+0x25695a]
V  [jvm.dll+0x254efa]
V  [jvm.dll+0x3f03f6]
V  [jvm.dll+0x851f6b]
V  [jvm.dll+0x6cc7dd]
C  [ucrtbase.dll+0x21bb2]
C  [KERNEL32.DLL+0x17374]
C  [ntdll.dll+0x4cc91]


---------------  P R O C E S S  ---------------

Threads class SMR info:
_java_thread_list=0x0000022a9b4cb400, length=18, elements={
0x0000022a3cfbebd0, 0x0000022a53a1e8d0, 0x0000022a53a1fa30, 0x0000022a53a211a0,
0x0000022a53a223d0, 0x0000022a53a27b90, 0x0000022a53a28220, 0x0000022a53a2d9c0,
0x0000022a963800d0, 0x0000022a53a267e0, 0x0000022a53a288b0, 0x0000022a9662cb50,
0x0000022a53a28f40, 0x0000022a53a295d0, 0x0000022a53a26150, 0x0000022a53a26e70,
0x0000022a53a27500, 0x0000022a9b3f4e40
}

Java Threads: ( => current thread )
  0x0000022a3cfbebd0 JavaThread "main"                              [_thread_blocked, id=1948, stack(0x000000f716600000,0x000000f716700000) (1024K)]
  0x0000022a53a1e8d0 JavaThread "Reference Handler"          daemon [_thread_blocked, id=22984, stack(0x000000f716a00000,0x000000f716b00000) (1024K)]
  0x0000022a53a1fa30 JavaThread "Finalizer"                  daemon [_thread_blocked, id=16916, stack(0x000000f716b00000,0x000000f716c00000) (1024K)]
  0x0000022a53a211a0 JavaThread "Signal Dispatcher"          daemon [_thread_blocked, id=16800, stack(0x000000f716c00000,0x000000f716d00000) (1024K)]
  0x0000022a53a223d0 JavaThread "Attach Listener"            daemon [_thread_blocked, id=23296, stack(0x000000f716d00000,0x000000f716e00000) (1024K)]
  0x0000022a53a27b90 JavaThread "Service Thread"             daemon [_thread_blocked, id=19652, stack(0x000000f716e00000,0x000000f716f00000) (1024K)]
  0x0000022a53a28220 JavaThread "Monitor Deflation Thread"   daemon [_thread_blocked, id=16184, stack(0x000000f716f00000,0x000000f717000000) (1024K)]
  0x0000022a53a2d9c0 JavaThread "C2 CompilerThread0"         daemon [_thread_blocked, id=13460, stack(0x000000f717000000,0x000000f717100000) (1024K)]
  0x0000022a963800d0 JavaThread "C1 CompilerThread0"         daemon [_thread_in_native, id=22480, stack(0x000000f717100000,0x000000f717200000) (1024K)]
  0x0000022a53a267e0 JavaThread "Common-Cleaner"             daemon [_thread_blocked, id=8068, stack(0x000000f717200000,0x000000f717300000) (1024K)]
  0x0000022a53a288b0 JavaThread "Notification Thread"        daemon [_thread_blocked, id=17364, stack(0x000000f717300000,0x000000f717400000) (1024K)]
=>0x0000022a9662cb50 JavaThread "C2 CompilerThread1"         daemon [_thread_in_native, id=13880, stack(0x000000f717400000,0x000000f717500000) (1024K)]
  0x0000022a53a28f40 JavaThread "Active Thread: Equinox Container: 08f75944-73b1-49b1-ac2c-acafc1e0cc7f"        [_thread_blocked, id=17936, stack(0x000000f717c00000,0x000000f717d00000) (1024K)]
  0x0000022a53a295d0 JavaThread "Framework Event Dispatcher: Equinox Container: 08f75944-73b1-49b1-ac2c-acafc1e0cc7f" daemon [_thread_blocked, id=12320, stack(0x000000f717d00000,0x000000f717e00000) (1024K)]
  0x0000022a53a26150 JavaThread "Start Level: Equinox Container: 08f75944-73b1-49b1-ac2c-acafc1e0cc7f" daemon [_thread_in_native, id=22156, stack(0x000000f717e00000,0x000000f717f00000) (1024K)]
  0x0000022a53a26e70 JavaThread "SCR Component Actor"        daemon [_thread_blocked, id=18840, stack(0x000000f718000000,0x000000f718100000) (1024K)]
  0x0000022a53a27500 JavaThread "SCR Component Registry"     daemon [_thread_blocked, id=2588, stack(0x000000f717500000,0x000000f717600000) (1024K)]
  0x0000022a9b3f4e40 JavaThread "Worker-JM"                         [_thread_blocked, id=1740, stack(0x000000f718200000,0x000000f718300000) (1024K)]
Total: 18

Other Threads:
  0x0000022a3d07d9e0 VMThread "VM Thread"                           [id=17964, stack(0x000000f716900000,0x000000f716a00000) (1024K)]
  0x0000022a3d028ae0 WatcherThread "VM Periodic Task Thread"        [id=21420, stack(0x000000f716800000,0x000000f716900000) (1024K)]
  0x0000022a3cfdbef0 WorkerThread "GC Thread#0"                     [id=9460, stack(0x000000f716700000,0x000000f716800000) (1024K)]
  0x0000022a96f1d1b0 WorkerThread "GC Thread#1"                     [id=7060, stack(0x000000f717600000,0x000000f717700000) (1024K)]
  0x0000022a9685ada0 WorkerThread "GC Thread#2"                     [id=7548, stack(0x000000f717700000,0x000000f717800000) (1024K)]
  0x0000022a9685b140 WorkerThread "GC Thread#3"                     [id=1208, stack(0x000000f717800000,0x000000f717900000) (1024K)]
  0x0000022a9685b4e0 WorkerThread "GC Thread#4"                     [id=20412, stack(0x000000f717900000,0x000000f717a00000) (1024K)]
  0x0000022a9685b880 WorkerThread "GC Thread#5"                     [id=11612, stack(0x000000f717a00000,0x000000f717b00000) (1024K)]
  0x0000022a9685bc20 WorkerThread "GC Thread#6"                     [id=9832, stack(0x000000f717b00000,0x000000f717c00000) (1024K)]
  0x0000022a96ccb5e0 WorkerThread "GC Thread#7"                     [id=12588, stack(0x000000f717f00000,0x000000f718000000) (1024K)]
Total: 10

Threads with active compile tasks:
C1 CompilerThread0  3129 2455       3       sun.nio.fs.WindowsPathParser::parse (504 bytes)
C2 CompilerThread1  3129 2425 %     4       java.util.Properties$LineReader::readLine @ 224 (584 bytes)
Total: 2

VM state: not at safepoint (normal execution)

VM Mutex/Monitor currently owned by a thread: None

Heap address: 0x0000000080000000, size: 2048 MB, Compressed Oops mode: 32-bit

CDS archive(s) mapped at: [0x0000022a54000000-0x0000022a54ba0000-0x0000022a54ba0000), size 12189696, SharedBaseAddress: 0x0000022a54000000, ArchiveRelocationMode: 1.
Compressed class space mapped at: 0x0000022a55000000-0x0000022a95000000, reserved size: 1073741824
Narrow klass base: 0x0000022a54000000, Narrow klass shift: 0, Narrow klass range: 0x100000000

GC Precious Log:
 CardTable entry size: 512
 CPUs: 8 total, 8 available
 Memory: 16138M
 Large Page Support: Disabled
 NUMA Support: Disabled
 Compressed Oops: Enabled (32-bit)
 Alignments: Space 512K, Generation 512K, Heap 2M
 Heap Min Capacity: 100M
 Heap Initial Capacity: 100M
 Heap Max Capacity: 2G
 Pre-touch: Disabled
 Parallel Workers: 8

Heap:
 PSYoungGen      total 29696K, used 17086K [0x00000000d5580000, 0x00000000d7680000, 0x0000000100000000)
  eden space 25600K, 50% used [0x00000000d5580000,0x00000000d6232608,0x00000000d6e80000)
  from space 4096K, 99% used [0x00000000d6e80000,0x00000000d727d4f8,0x00000000d7280000)
  to   space 4096K, 0% used [0x00000000d7280000,0x00000000d7280000,0x00000000d7680000)
 ParOldGen       total 68608K, used 2859K [0x0000000080000000, 0x0000000084300000, 0x00000000d5580000)
  object space 68608K, 4% used [0x0000000080000000,0x00000000802cac58,0x0000000084300000)
 Metaspace       used 14854K, committed 15424K, reserved 1114112K
  class space    used 1523K, committed 1792K, reserved 1048576K

Card table byte_map: [0x0000022a3c970000,0x0000022a3cd80000] _byte_map_base: 0x0000022a3c570000

Marking Bits: (ParMarkBitMap*) 0x00007ffc86d631f0
 Begin Bits: [0x0000022a4f470000, 0x0000022a51470000)
 End Bits:   [0x0000022a51470000, 0x0000022a53470000)

Polling page: 0x0000022a3aeb0000

Metaspace:

Usage:
  Non-class:     13.02 MB used.
      Class:      1.49 MB used.
       Both:     14.51 MB used.

Virtual space:
  Non-class space:       64.00 MB reserved,      13.31 MB ( 21%) committed,  1 nodes.
      Class space:        1.00 GB reserved,       1.75 MB ( <1%) committed,  1 nodes.
             Both:        1.06 GB reserved,      15.06 MB (  1%) committed. 

Chunk freelists:
   Non-Class:  2.01 MB
       Class:  14.29 MB
        Both:  16.30 MB

MaxMetaspaceSize: unlimited
CompressedClassSpaceSize: 1.00 GB
Initial GC threshold: 21.00 MB
Current GC threshold: 21.00 MB
CDS: on
 - commit_granule_bytes: 65536.
 - commit_granule_words: 8192.
 - virtual_space_node_default_size: 8388608.
 - enlarge_chunks_in_place: 1.
 - use_allocation_guard: 0.


Internal statistics:

num_allocs_failed_limit: 0.
num_arena_births: 424.
num_arena_deaths: 0.
num_vsnodes_births: 2.
num_vsnodes_deaths: 0.
num_space_committed: 241.
num_space_uncommitted: 0.
num_chunks_returned_to_freelist: 0.
num_chunks_taken_from_freelist: 936.
num_chunk_merges: 0.
num_chunk_splits: 589.
num_chunks_enlarged: 387.
num_inconsistent_stats: 0.

CodeHeap 'non-profiled nmethods': size=120000Kb used=1049Kb max_used=1049Kb free=118950Kb
 bounds [0x0000022a47c90000, 0x0000022a47f00000, 0x0000022a4f1c0000]
CodeHeap 'profiled nmethods': size=120000Kb used=4719Kb max_used=4719Kb free=115280Kb
 bounds [0x0000022a401c0000, 0x0000022a40660000, 0x0000022a476f0000]
CodeHeap 'non-nmethods': size=5760Kb used=1270Kb max_used=1293Kb free=4490Kb
 bounds [0x0000022a476f0000, 0x0000022a47960000, 0x0000022a47c90000]
 total_blobs=2997 nmethods=2452 adapters=451
 compilation: enabled
              stopped_count=0, restarted_count=0
 full_count=0

Compilation events (20 events):
Event: 3.061 Thread 0x0000022a963800d0 2421       1       org.eclipse.osgi.storage.BundleInfo::getStorage (5 bytes)
Event: 3.062 Thread 0x0000022a963800d0 nmethod 2421 0x0000022a47d92b90 code [0x0000022a47d92d20, 0x0000022a47d92de8]
Event: 3.063 Thread 0x0000022a9662cb50 2422   !   4       java.util.zip.ZipFile$Source::checkAndAddEntry (295 bytes)
Event: 3.064 Thread 0x0000022a963800d0 2423   !   3       java.util.jar.Attributes::read (494 bytes)
Event: 3.068 Thread 0x0000022a963800d0 nmethod 2423 0x0000022a40644a10 code [0x0000022a406451a0, 0x0000022a40648e30]
Event: 3.068 Thread 0x0000022a963800d0 2424       3       java.util.jar.Manifest$FastInputStream::readLine (296 bytes)
Event: 3.069 Thread 0x0000022a963800d0 nmethod 2424 0x0000022a4064a790 code [0x0000022a4064a9c0, 0x0000022a4064b228]
Event: 3.075 Thread 0x0000022a9662cb50 nmethod 2422 0x0000022a47d92e90 code [0x0000022a47d930c0, 0x0000022a47d93d00]
Event: 3.078 Thread 0x0000022a9662cb50 2425 %     4       java.util.Properties$LineReader::readLine @ 224 (584 bytes)
Event: 3.082 Thread 0x0000022a963800d0 2426       3       java.lang.invoke.DirectMethodHandle$Holder::invokeStatic (15 bytes)
Event: 3.082 Thread 0x0000022a963800d0 nmethod 2426 0x0000022a4064b590 code [0x0000022a4064b760, 0x0000022a4064bcc0]
Event: 3.082 Thread 0x0000022a963800d0 2427   !   3       java.lang.invoke.MethodHandleNatives::linkMethodHandleConstant (50 bytes)
Event: 3.082 Thread 0x0000022a963800d0 nmethod 2427 0x0000022a4064be10 code [0x0000022a4064bfe0, 0x0000022a4064c1e8]
Event: 3.082 Thread 0x0000022a963800d0 2428       3       java.lang.invoke.MethodHandles$Lookup::linkMethodHandleConstant (223 bytes)
Event: 3.084 Thread 0x0000022a963800d0 nmethod 2428 0x0000022a4064c390 code [0x0000022a4064c780, 0x0000022a4064df30]
Event: 3.084 Thread 0x0000022a963800d0 2429       3       java.lang.invoke.LambdaForm$MH/0x0000022a55019c00::invoke (25 bytes)
Event: 3.085 Thread 0x0000022a963800d0 nmethod 2429 0x0000022a4064e690 code [0x0000022a4064e860, 0x0000022a4064eda0]
Event: 3.094 Thread 0x0000022a963800d0 2430       3       org.eclipse.equinox.plurl.PlurlStreamHandlerBase::<init> (5 bytes)
Event: 3.094 Thread 0x0000022a963800d0 nmethod 2430 0x0000022a4064ef10 code [0x0000022a4064f0c0, 0x0000022a4064f288]
Event: 3.097 Thread 0x0000022a963800d0 2431       3       jdk.internal.org.objectweb.asm.ClassWriter::toByteArray (1517 bytes)

GC Heap History (6 events):
Event: 1.229 GC heap before
{Heap before GC invocations=1 (full 0):
 PSYoungGen      total 29696K, used 25600K [0x00000000d5580000, 0x00000000d7680000, 0x0000000100000000)
  eden space 25600K, 100% used [0x00000000d5580000,0x00000000d6e80000,0x00000000d6e80000)
  from space 4096K, 0% used [0x00000000d7280000,0x00000000d7280000,0x00000000d7680000)
  to   space 4096K, 0% used [0x00000000d6e80000,0x00000000d6e80000,0x00000000d7280000)
 ParOldGen       total 68608K, used 0K [0x0000000080000000, 0x0000000084300000, 0x00000000d5580000)
  object space 68608K, 0% used [0x0000000080000000,0x0000000080000000,0x0000000084300000)
 Metaspace       used 4312K, committed 4544K, reserved 1114112K
  class space    used 458K, committed 576K, reserved 1048576K
}
Event: 1.240 GC heap after
{Heap after GC invocations=1 (full 0):
 PSYoungGen      total 29696K, used 3319K [0x00000000d5580000, 0x00000000d7680000, 0x0000000100000000)
  eden space 25600K, 0% used [0x00000000d5580000,0x00000000d5580000,0x00000000d6e80000)
  from space 4096K, 81% used [0x00000000d6e80000,0x00000000d71bdc58,0x00000000d7280000)
  to   space 4096K, 0% used [0x00000000d7280000,0x00000000d7280000,0x00000000d7680000)
 ParOldGen       total 68608K, used 16K [0x0000000080000000, 0x0000000084300000, 0x00000000d5580000)
  object space 68608K, 0% used [0x0000000080000000,0x0000000080004000,0x0000000084300000)
 Metaspace       used 4312K, committed 4544K, reserved 1114112K
  class space    used 458K, committed 576K, reserved 1048576K
}
Event: 2.037 GC heap before
{Heap before GC invocations=2 (full 0):
 PSYoungGen      total 29696K, used 28919K [0x00000000d5580000, 0x00000000d7680000, 0x0000000100000000)
  eden space 25600K, 100% used [0x00000000d5580000,0x00000000d6e80000,0x00000000d6e80000)
  from space 4096K, 81% used [0x00000000d6e80000,0x00000000d71bdc58,0x00000000d7280000)
  to   space 4096K, 0% used [0x00000000d7280000,0x00000000d7280000,0x00000000d7680000)
 ParOldGen       total 68608K, used 16K [0x0000000080000000, 0x0000000084300000, 0x00000000d5580000)
  object space 68608K, 0% used [0x0000000080000000,0x0000000080004000,0x0000000084300000)
 Metaspace       used 8187K, committed 8512K, reserved 1114112K
  class space    used 850K, committed 1024K, reserved 1048576K
}
Event: 2.042 GC heap after
{Heap after GC invocations=2 (full 0):
 PSYoungGen      total 29696K, used 4087K [0x00000000d5580000, 0x00000000d7680000, 0x0000000100000000)
  eden space 25600K, 0% used [0x00000000d5580000,0x00000000d5580000,0x00000000d6e80000)
  from space 4096K, 99% used [0x00000000d7280000,0x00000000d767dee8,0x00000000d7680000)
  to   space 4096K, 0% used [0x00000000d6e80000,0x00000000d6e80000,0x00000000d7280000)
 ParOldGen       total 68608K, used 928K [0x0000000080000000, 0x0000000084300000, 0x00000000d5580000)
  object space 68608K, 1% used [0x0000000080000000,0x00000000800e8030,0x0000000084300000)
 Metaspace       used 8187K, committed 8512K, reserved 1114112K
  class space    used 850K, committed 1024K, reserved 1048576K
}
Event: 2.738 GC heap before
{Heap before GC invocations=3 (full 0):
 PSYoungGen      total 29696K, used 29687K [0x00000000d5580000, 0x00000000d7680000, 0x0000000100000000)
  eden space 25600K, 100% used [0x00000000d5580000,0x00000000d6e80000,0x00000000d6e80000)
  from space 4096K, 99% used [0x00000000d7280000,0x00000000d767dee8,0x00000000d7680000)
  to   space 4096K, 0% used [0x00000000d6e80000,0x00000000d6e80000,0x00000000d7280000)
 ParOldGen       total 68608K, used 928K [0x0000000080000000, 0x0000000084300000, 0x00000000d5580000)
  object space 68608K, 1% used [0x0000000080000000,0x00000000800e8030,0x0000000084300000)
 Metaspace       used 12920K, committed 13504K, reserved 1114112K
  class space    used 1331K, committed 1536K, reserved 1048576K
}
Event: 2.744 GC heap after
{Heap after GC invocations=3 (full 0):
 PSYoungGen      total 29696K, used 4085K [0x00000000d5580000, 0x00000000d7680000, 0x0000000100000000)
  eden space 25600K, 0% used [0x00000000d5580000,0x00000000d5580000,0x00000000d6e80000)
  from space 4096K, 99% used [0x00000000d6e80000,0x00000000d727d4f8,0x00000000d7280000)
  to   space 4096K, 0% used [0x00000000d7280000,0x00000000d7280000,0x00000000d7680000)
 ParOldGen       total 68608K, used 2859K [0x0000000080000000, 0x0000000084300000, 0x00000000d5580000)
  object space 68608K, 4% used [0x0000000080000000,0x00000000802cac58,0x0000000084300000)
 Metaspace       used 12920K, committed 13504K, reserved 1114112K
  class space    used 1331K, committed 1536K, reserved 1048576K
}

Dll operation events (9 events):
Event: 0.010 Loaded shared library c:\Users\Lenovo\.vscode\extensions\redhat.java-1.43.1-win32-x64\jre\21.0.7-win32-x86_64\bin\java.dll
Event: 0.230 Loaded shared library c:\Users\Lenovo\.vscode\extensions\redhat.java-1.43.1-win32-x64\jre\21.0.7-win32-x86_64\bin\zip.dll
Event: 0.267 Loaded shared library C:\Users\Lenovo\.vscode\extensions\redhat.java-1.43.1-win32-x64\jre\21.0.7-win32-x86_64\bin\instrument.dll
Event: 0.273 Loaded shared library C:\Users\Lenovo\.vscode\extensions\redhat.java-1.43.1-win32-x64\jre\21.0.7-win32-x86_64\bin\net.dll
Event: 0.276 Loaded shared library C:\Users\Lenovo\.vscode\extensions\redhat.java-1.43.1-win32-x64\jre\21.0.7-win32-x86_64\bin\nio.dll
Event: 0.281 Loaded shared library C:\Users\Lenovo\.vscode\extensions\redhat.java-1.43.1-win32-x64\jre\21.0.7-win32-x86_64\bin\zip.dll
Event: 0.323 Loaded shared library C:\Users\Lenovo\.vscode\extensions\redhat.java-1.43.1-win32-x64\jre\21.0.7-win32-x86_64\bin\jimage.dll
Event: 0.502 Loaded shared library c:\Users\Lenovo\.vscode\extensions\redhat.java-1.43.1-win32-x64\jre\21.0.7-win32-x86_64\bin\verify.dll
Event: 1.991 Loaded shared library C:\Users\Lenovo\AppData\Roaming\Code\User\globalStorage\redhat.java\1.43.1\config_ss_win\org.eclipse.equinox.launcher\org.eclipse.equinox.launcher.win32.win32.x86_64_1.2.1300.v20250331-1702\eclipse_11911.dll

Deoptimization events (20 events):
Event: 2.986 Thread 0x0000022a53a26150 Uncommon trap: trap_request=0xffffff45 fr.pc=0x0000022a47d69060 relative=0x0000000000000c60
Event: 2.986 Thread 0x0000022a53a26150 Uncommon trap: reason=unstable_if action=reinterpret pc=0x0000022a47d69060 method=java.io.DataInputStream.readFully([BII)V @ 37 c2
Event: 2.986 Thread 0x0000022a53a26150 DEOPT PACKING pc=0x0000022a47d69060 sp=0x000000f717ef98b0
Event: 2.986 Thread 0x0000022a53a26150 DEOPT UNPACKING pc=0x0000022a47743aa2 sp=0x000000f717ef9770 mode 2
Event: 3.006 Thread 0x0000022a53a26150 Uncommon trap: trap_request=0xffffff45 fr.pc=0x0000022a47d84414 relative=0x00000000000006d4
Event: 3.006 Thread 0x0000022a53a26150 Uncommon trap: reason=unstable_if action=reinterpret pc=0x0000022a47d84414 method=java.util.regex.Matcher.search(I)Z @ 30 c2
Event: 3.006 Thread 0x0000022a53a26150 DEOPT PACKING pc=0x0000022a47d84414 sp=0x000000f717ef84e0
Event: 3.006 Thread 0x0000022a53a26150 DEOPT UNPACKING pc=0x0000022a47743aa2 sp=0x000000f717ef84c0 mode 2
Event: 3.008 Thread 0x0000022a53a26150 Uncommon trap: trap_request=0xffffff45 fr.pc=0x0000022a47d47c74 relative=0x0000000000000054
Event: 3.008 Thread 0x0000022a53a26150 Uncommon trap: reason=unstable_if action=reinterpret pc=0x0000022a47d47c74 method=sun.nio.fs.WindowsPathParser.isSlash(C)Z @ 9 c2
Event: 3.008 Thread 0x0000022a53a26150 DEOPT PACKING pc=0x0000022a47d47c74 sp=0x000000f717ef9350
Event: 3.008 Thread 0x0000022a53a26150 DEOPT UNPACKING pc=0x0000022a47743aa2 sp=0x000000f717ef92d8 mode 2
Event: 3.052 Thread 0x0000022a53a26150 Uncommon trap: trap_request=0xffffff45 fr.pc=0x0000022a47d0b2a4 relative=0x00000000000005e4
Event: 3.052 Thread 0x0000022a53a26150 Uncommon trap: reason=unstable_if action=reinterpret pc=0x0000022a47d0b2a4 method=java.io.BufferedInputStream.implRead([BII)I @ 55 c2
Event: 3.052 Thread 0x0000022a53a26150 DEOPT PACKING pc=0x0000022a47d0b2a4 sp=0x000000f717ef9200
Event: 3.052 Thread 0x0000022a53a26150 DEOPT UNPACKING pc=0x0000022a47743aa2 sp=0x000000f717ef91d8 mode 2
Event: 3.094 Thread 0x0000022a53a26150 Uncommon trap: trap_request=0xffffff45 fr.pc=0x0000022a47cc7e88 relative=0x00000000000006e8
Event: 3.094 Thread 0x0000022a53a26150 Uncommon trap: reason=unstable_if action=reinterpret pc=0x0000022a47cc7e88 method=java.lang.String.replace(Ljava/lang/CharSequence;Ljava/lang/CharSequence;)Ljava/lang/String; @ 42 c2
Event: 3.094 Thread 0x0000022a53a26150 DEOPT PACKING pc=0x0000022a47cc7e88 sp=0x000000f717ef7840
Event: 3.094 Thread 0x0000022a53a26150 DEOPT UNPACKING pc=0x0000022a47743aa2 sp=0x000000f717ef77c0 mode 2

Classes loaded (20 events):
Event: 3.096 Loading class sun/security/provider/DRBG
Event: 3.096 Loading class java/security/SecureRandomSpi
Event: 3.096 Loading class java/security/SecureRandomSpi done
Event: 3.096 Loading class sun/security/provider/DRBG done
Event: 3.097 Loading class java/security/DrbgParameters$Capability
Event: 3.097 Loading class java/security/DrbgParameters$Capability done
Event: 3.097 Loading class sun/security/provider/MoreDrbgParameters
Event: 3.098 Loading class sun/security/provider/MoreDrbgParameters done
Event: 3.098 Loading class java/security/DrbgParameters
Event: 3.098 Loading class java/security/DrbgParameters done
Event: 3.098 Loading class java/security/DrbgParameters$Instantiation
Event: 3.098 Loading class java/security/DrbgParameters$Instantiation done
Event: 3.098 Loading class sun/security/provider/HashDrbg
Event: 3.098 Loading class sun/security/provider/AbstractHashDrbg
Event: 3.098 Loading class sun/security/provider/AbstractDrbg
Event: 3.099 Loading class sun/security/provider/AbstractDrbg done
Event: 3.099 Loading class sun/security/provider/AbstractHashDrbg done
Event: 3.099 Loading class sun/security/provider/HashDrbg done
Event: 3.099 Loading class sun/security/provider/EntropySource
Event: 3.099 Loading class sun/security/provider/EntropySource done

Classes unloaded (0 events):
No events

Classes redefined (0 events):
No events

Internal exceptions (20 events):
Event: 1.710 Thread 0x0000022a3cfbebd0 Exception <a 'java/lang/NoSuchMethodError'{0x00000000d64038a0}: 'void java.lang.invoke.DirectMethodHandle$Holder.invokeStaticInit(java.lang.Object, java.lang.Object)'> (0x00000000d64038a0) 
thrown [s\src\hotspot\share\interpreter\linkResolver.cpp, line 773]
Event: 1.711 Thread 0x0000022a3cfbebd0 Exception <a 'java/lang/NoSuchMethodError'{0x00000000d640ca98}: 'int java.lang.invoke.DirectMethodHandle$Holder.invokeStaticInit(java.lang.Object, java.lang.Object)'> (0x00000000d640ca98) 
thrown [s\src\hotspot\share\interpreter\linkResolver.cpp, line 773]
Event: 1.770 Thread 0x0000022a3cfbebd0 Exception <a 'java/lang/NoSuchMethodError'{0x00000000d6656938}: 'java.lang.Object java.lang.invoke.DirectMethodHandle$Holder.newInvokeSpecial(java.lang.Object, int, java.lang.Object)'> (0x00000000d6656938) 
thrown [s\src\hotspot\share\interpreter\linkResolver.cpp, line 773]
Event: 1.830 Thread 0x0000022a3cfbebd0 Exception <a 'java/lang/ClassNotFoundException'{0x00000000d6862820}: sun/net/www/protocol/plurl/Handler> (0x00000000d6862820) 
thrown [s\src\hotspot\share\classfile\systemDictionary.cpp, line 312]
Event: 1.986 Thread 0x0000022a3cfbebd0 Exception <a 'java/lang/UnsatisfiedLinkError'{0x00000000d6ca4190}: 'void org.eclipse.equinox.launcher.JNIBridge._update_splash()'> (0x00000000d6ca4190) 
thrown [s\src\hotspot\share\prims\nativeLookup.cpp, line 415]
Event: 2.087 Thread 0x0000022a53a26150 Exception <a 'java/lang/NullPointerException'{0x00000000d57f6c98}> (0x00000000d57f6c98) 
thrown [s\src\hotspot\share\interpreter\linkResolver.cpp, line 1372]
Event: 2.087 Thread 0x0000022a53a26150 Exception <a 'java/lang/NullPointerException'{0x00000000d57f6f78}> (0x00000000d57f6f78) 
thrown [s\src\hotspot\share\interpreter\linkResolver.cpp, line 1372]
Event: 2.331 Thread 0x0000022a53a26150 Exception <a 'java/io/FileNotFoundException'{0x00000000d6286020}> (0x00000000d6286020) 
thrown [s\src\hotspot\share\prims\jni.cpp, line 520]
Event: 2.449 Thread 0x0000022a53a26150 Exception <a 'java/lang/NoSuchMethodError'{0x00000000d6551270}: 'java.lang.Object java.lang.invoke.Invokers$Holder.linkToTargetMethod(java.lang.Object, long, java.lang.Object)'> (0x00000000d6551270) 
thrown [s\src\hotspot\share\interpreter\linkResolver.cpp, line 773]
Event: 2.581 Thread 0x0000022a53a26150 Exception <a 'java/lang/NoSuchMethodError'{0x00000000d68ee640}: 'void java.lang.invoke.DirectMethodHandle$Holder.invokeInterface(java.lang.Object, java.lang.Object, java.lang.Object)'> (0x00000000d68ee640) 
thrown [s\src\hotspot\share\interpreter\linkResolver.cpp, line 773]
Event: 2.626 Thread 0x0000022a53a26150 Exception <a 'java/lang/NoSuchMethodError'{0x00000000d6afda50}: 'void java.lang.invoke.Invokers$Holder.invokeExact_MT(java.lang.Object, java.lang.Object, java.lang.Object)'> (0x00000000d6afda50) 
thrown [s\src\hotspot\share\interpreter\linkResolver.cpp, line 773]
Event: 2.723 Thread 0x0000022a53a26150 Exception <a 'java/lang/NoSuchMethodError'{0x00000000d6dc8510}: 'java.lang.Object java.lang.invoke.DirectMethodHandle$Holder.invokeVirtual(java.lang.Object, java.lang.Object, java.lang.Object)'> (0x00000000d6dc8510) 
thrown [s\src\hotspot\share\interpreter\linkResolver.cpp, line 773]
Event: 2.727 Thread 0x0000022a53a26150 Exception <a 'java/lang/NoSuchMethodError'{0x00000000d6de0b28}: 'java.lang.Object java.lang.invoke.DelegatingMethodHandle$Holder.reinvoke_L(java.lang.Object, java.lang.Object, java.lang.Object, java.lang.Object, int, int)'> (0x00000000d6de0b28) 
thrown [s\src\hotspot\share\interpreter\linkResolver.cpp, line 773]
Event: 2.731 Thread 0x0000022a53a26150 Exception <a 'java/lang/NoSuchMethodError'{0x00000000d6dfe1a8}: 'java.lang.Object java.lang.invoke.DirectMethodHandle$Holder.newInvokeSpecial(java.lang.Object, java.lang.Object, java.lang.Object, java.lang.Object, java.lang.Object, java.lang.Object)'> (0x00000000d6dfe1a8) 
thrown [s\src\hotspot\share\interpreter\linkResolver.cpp, line 773]
Event: 2.735 Thread 0x0000022a53a26150 Exception <a 'java/lang/NoSuchMethodError'{0x00000000d6e2a778}: 'void java.lang.invoke.Invokers$Holder.invokeExact_MT(java.lang.Object, java.lang.Object, java.lang.Object, java.lang.Object)'> (0x00000000d6e2a778) 
thrown [s\src\hotspot\share\interpreter\linkResolver.cpp, line 773]
Event: 2.856 Thread 0x0000022a53a26150 Exception <a 'java/io/FileNotFoundException'{0x00000000d59fd4a0}> (0x00000000d59fd4a0) 
thrown [s\src\hotspot\share\prims\jni.cpp, line 520]
Event: 2.858 Thread 0x0000022a53a26150 Exception <a 'java/io/FileNotFoundException'{0x00000000d5a04968}> (0x00000000d5a04968) 
thrown [s\src\hotspot\share\prims\jni.cpp, line 520]
Event: 2.954 Thread 0x0000022a53a26150 Exception <a 'java/lang/NoSuchMethodError'{0x00000000d5cbe5b8}: 'java.lang.Object java.lang.invoke.DirectMethodHandle$Holder.newInvokeSpecial(java.lang.Object, java.lang.Object, java.lang.Object, java.lang.Object, java.lang.Object)'> (0x00000000d5cbe5b8) 
thrown [s\src\hotspot\share\interpreter\linkResolver.cpp, line 773]
Event: 3.024 Thread 0x0000022a53a26150 Exception <a 'java/lang/NoSuchMethodError'{0x00000000d5e62720}: 'java.lang.Object java.lang.invoke.DirectMethodHandle$Holder.invokeStaticInit(java.lang.Object, int)'> (0x00000000d5e62720) 
thrown [s\src\hotspot\share\interpreter\linkResolver.cpp, line 773]
Event: 3.100 Thread 0x0000022a53a26150 Exception <a 'java/lang/NoSuchMethodError'{0x00000000d612d090}: 'java.lang.Object java.lang.invoke.DirectMethodHandle$Holder.invokeStaticInit(java.lang.Object, int, int, int, int)'> (0x00000000d612d090) 
thrown [s\src\hotspot\share\interpreter\linkResolver.cpp, line 773]

ZGC Phase Switch (0 events):
No events

VM Operations (20 events):
Event: 1.812 Executing VM operation: HandshakeAllThreads (Deoptimize)
Event: 1.812 Executing VM operation: HandshakeAllThreads (Deoptimize) done
Event: 1.826 Executing VM operation: HandshakeAllThreads (Deoptimize)
Event: 1.826 Executing VM operation: HandshakeAllThreads (Deoptimize) done
Event: 1.972 Executing VM operation: ICBufferFull
Event: 1.972 Executing VM operation: ICBufferFull done
Event: 2.037 Executing VM operation: ParallelGCFailedAllocation (Allocation Failure)
Event: 2.042 Executing VM operation: ParallelGCFailedAllocation (Allocation Failure) done
Event: 2.203 Executing VM operation: HandshakeAllThreads (Deoptimize)
Event: 2.203 Executing VM operation: HandshakeAllThreads (Deoptimize) done
Event: 2.531 Executing VM operation: HandshakeAllThreads (Deoptimize)
Event: 2.531 Executing VM operation: HandshakeAllThreads (Deoptimize) done
Event: 2.738 Executing VM operation: ParallelGCFailedAllocation (Allocation Failure)
Event: 2.744 Executing VM operation: ParallelGCFailedAllocation (Allocation Failure) done
Event: 2.812 Executing VM operation: HandshakeAllThreads (Deoptimize)
Event: 2.812 Executing VM operation: HandshakeAllThreads (Deoptimize) done
Event: 2.819 Executing VM operation: HandshakeAllThreads (Deoptimize)
Event: 2.819 Executing VM operation: HandshakeAllThreads (Deoptimize) done
Event: 2.846 Executing VM operation: HandshakeAllThreads (Deoptimize)
Event: 2.846 Executing VM operation: HandshakeAllThreads (Deoptimize) done

Memory protections (0 events):
No events

Nmethod flushes (0 events):
No events

Events (20 events):
Event: 0.094 Thread 0x0000022a3cfbebd0 Thread added: 0x0000022a53a223d0
Event: 0.095 Thread 0x0000022a3cfbebd0 Thread added: 0x0000022a53a27b90
Event: 0.095 Thread 0x0000022a3cfbebd0 Thread added: 0x0000022a53a28220
Event: 0.095 Thread 0x0000022a3cfbebd0 Thread added: 0x0000022a53a2d9c0
Event: 0.122 Thread 0x0000022a3cfbebd0 Thread added: 0x0000022a963800d0
Event: 0.212 Thread 0x0000022a3cfbebd0 Thread added: 0x0000022a53a267e0
Event: 0.643 Thread 0x0000022a3cfbebd0 Thread added: 0x0000022a53a288b0
Event: 0.652 Thread 0x0000022a963800d0 Thread added: 0x0000022a9662cb50
Event: 0.786 Thread 0x0000022a53a2d9c0 Thread added: 0x0000022a9670d0d0
Event: 1.307 Thread 0x0000022a9670d0d0 Thread exited: 0x0000022a9670d0d0
Event: 1.481 Thread 0x0000022a963800d0 Thread added: 0x0000022a96c09cb0
Event: 1.727 Thread 0x0000022a3cfbebd0 Thread added: 0x0000022a53a28f40
Event: 1.979 Thread 0x0000022a3cfbebd0 Thread added: 0x0000022a53a295d0
Event: 1.984 Thread 0x0000022a3cfbebd0 Thread added: 0x0000022a53a26150
Event: 2.046 Thread 0x0000022a53a26150 Thread added: 0x0000022a53a26e70
Event: 2.171 Thread 0x0000022a96c09cb0 Thread exited: 0x0000022a96c09cb0
Event: 2.189 Thread 0x0000022a53a26150 Thread added: 0x0000022a53a27500
Event: 2.278 Thread 0x0000022a963800d0 Thread added: 0x0000022a9b06c030
Event: 2.591 Thread 0x0000022a53a26150 Thread added: 0x0000022a9b3f4e40
Event: 2.976 Thread 0x0000022a9b06c030 Thread exited: 0x0000022a9b06c030


Dynamic libraries:
0x00007ff7a09a0000 - 0x00007ff7a09ae000 	c:\Users\Lenovo\.vscode\extensions\redhat.java-1.43.1-win32-x64\jre\21.0.7-win32-x86_64\bin\java.exe
0x00007ffcf3ff0000 - 0x00007ffcf41e8000 	C:\Windows\SYSTEM32\ntdll.dll
0x00007ffcf3bb0000 - 0x00007ffcf3c72000 	C:\Windows\System32\KERNEL32.DLL
0x00007ffcf1870000 - 0x00007ffcf1b66000 	C:\Windows\System32\KERNELBASE.dll
0x00007ffcf1d60000 - 0x00007ffcf1e60000 	C:\Windows\System32\ucrtbase.dll
0x00007ffcbf7f0000 - 0x00007ffcbf80e000 	c:\Users\Lenovo\.vscode\extensions\redhat.java-1.43.1-win32-x64\jre\21.0.7-win32-x86_64\bin\VCRUNTIME140.dll
0x00007ffcbf7d0000 - 0x00007ffcbf7e8000 	c:\Users\Lenovo\.vscode\extensions\redhat.java-1.43.1-win32-x64\jre\21.0.7-win32-x86_64\bin\jli.dll
0x00007ffcf23d0000 - 0x00007ffcf256d000 	C:\Windows\System32\USER32.dll
0x00007ffce42d0000 - 0x00007ffce456a000 	C:\Windows\WinSxS\amd64_microsoft.windows.common-controls_6595b64144ccf1df_6.0.19041.5915_none_60b4b9d171f9c7c7\COMCTL32.dll
0x00007ffcf1c90000 - 0x00007ffcf1cb2000 	C:\Windows\System32\win32u.dll
0x00007ffcf2570000 - 0x00007ffcf260e000 	C:\Windows\System32\msvcrt.dll
0x00007ffcf2c80000 - 0x00007ffcf2cab000 	C:\Windows\System32\GDI32.dll
0x00007ffcf1b70000 - 0x00007ffcf1c89000 	C:\Windows\System32\gdi32full.dll
0x00007ffcf1cc0000 - 0x00007ffcf1d5d000 	C:\Windows\System32\msvcp_win.dll
0x00007ffcf2d10000 - 0x00007ffcf2d3f000 	C:\Windows\System32\IMM32.DLL
0x00007ffccdab0000 - 0x00007ffccdabc000 	c:\Users\Lenovo\.vscode\extensions\redhat.java-1.43.1-win32-x64\jre\21.0.7-win32-x86_64\bin\vcruntime140_1.dll
0x00007ffca34a0000 - 0x00007ffca352d000 	c:\Users\Lenovo\.vscode\extensions\redhat.java-1.43.1-win32-x64\jre\21.0.7-win32-x86_64\bin\msvcp140.dll
0x00007ffc860b0000 - 0x00007ffc86e40000 	c:\Users\Lenovo\.vscode\extensions\redhat.java-1.43.1-win32-x64\jre\21.0.7-win32-x86_64\bin\server\jvm.dll
0x00007ffcf3c80000 - 0x00007ffcf3d31000 	C:\Windows\System32\ADVAPI32.dll
0x00007ffcf3790000 - 0x00007ffcf382f000 	C:\Windows\System32\sechost.dll
0x00007ffcf2d40000 - 0x00007ffcf2e63000 	C:\Windows\System32\RPCRT4.dll
0x00007ffcf1840000 - 0x00007ffcf1867000 	C:\Windows\System32\bcrypt.dll
0x00007ffcf3d40000 - 0x00007ffcf3dab000 	C:\Windows\System32\WS2_32.dll
0x00007ffcf0e90000 - 0x00007ffcf0edb000 	C:\Windows\SYSTEM32\POWRPROF.dll
0x00007ffce15f0000 - 0x00007ffce1617000 	C:\Windows\SYSTEM32\WINMM.dll
0x00007ffce6990000 - 0x00007ffce699a000 	C:\Windows\SYSTEM32\VERSION.dll
0x00007ffcf0e10000 - 0x00007ffcf0e22000 	C:\Windows\SYSTEM32\UMPDC.dll
0x00007ffcefea0000 - 0x00007ffcefeb2000 	C:\Windows\SYSTEM32\kernel.appcore.dll
0x00007ffccc2f0000 - 0x00007ffccc2fa000 	c:\Users\Lenovo\.vscode\extensions\redhat.java-1.43.1-win32-x64\jre\21.0.7-win32-x86_64\bin\jimage.dll
0x00007ffcef4a0000 - 0x00007ffcef6a1000 	C:\Windows\SYSTEM32\DBGHELP.DLL
0x00007ffce4b50000 - 0x00007ffce4b84000 	C:\Windows\SYSTEM32\dbgcore.DLL
0x00007ffcf17b0000 - 0x00007ffcf1832000 	C:\Windows\System32\bcryptPrimitives.dll
0x00007ffccbc70000 - 0x00007ffccbc7f000 	c:\Users\Lenovo\.vscode\extensions\redhat.java-1.43.1-win32-x64\jre\21.0.7-win32-x86_64\bin\instrument.dll
0x00007ffcbf7b0000 - 0x00007ffcbf7cf000 	c:\Users\Lenovo\.vscode\extensions\redhat.java-1.43.1-win32-x64\jre\21.0.7-win32-x86_64\bin\java.dll
0x00007ffcf2e70000 - 0x00007ffcf35de000 	C:\Windows\System32\SHELL32.dll
0x00007ffcef6e0000 - 0x00007ffcefe84000 	C:\Windows\SYSTEM32\windows.storage.dll
0x00007ffcf2010000 - 0x00007ffcf2363000 	C:\Windows\System32\combase.dll
0x00007ffcf10b0000 - 0x00007ffcf10db000 	C:\Windows\SYSTEM32\Wldp.dll
0x00007ffcf38b0000 - 0x00007ffcf397d000 	C:\Windows\System32\OLEAUT32.dll
0x00007ffcf2bd0000 - 0x00007ffcf2c7d000 	C:\Windows\System32\SHCORE.dll
0x00007ffcf2cb0000 - 0x00007ffcf2d0b000 	C:\Windows\System32\shlwapi.dll
0x00007ffcf15b0000 - 0x00007ffcf15d4000 	C:\Windows\SYSTEM32\profapi.dll
0x00007ffcb51b0000 - 0x00007ffcb51c8000 	c:\Users\Lenovo\.vscode\extensions\redhat.java-1.43.1-win32-x64\jre\21.0.7-win32-x86_64\bin\zip.dll
0x00007ffccc290000 - 0x00007ffccc2a0000 	C:\Users\Lenovo\.vscode\extensions\redhat.java-1.43.1-win32-x64\jre\21.0.7-win32-x86_64\bin\net.dll
0x00007ffcea8b0000 - 0x00007ffcea9ba000 	C:\Windows\SYSTEM32\WINHTTP.dll
0x00007ffcf0da0000 - 0x00007ffcf0e0a000 	C:\Windows\system32\mswsock.dll
0x00007ffcb4e00000 - 0x00007ffcb4e16000 	C:\Users\Lenovo\.vscode\extensions\redhat.java-1.43.1-win32-x64\jre\21.0.7-win32-x86_64\bin\nio.dll
0x00007ffccc100000 - 0x00007ffccc110000 	c:\Users\Lenovo\.vscode\extensions\redhat.java-1.43.1-win32-x64\jre\21.0.7-win32-x86_64\bin\verify.dll
0x00007ffcb9a20000 - 0x00007ffcb9a65000 	C:\Users\Lenovo\AppData\Roaming\Code\User\globalStorage\redhat.java\1.43.1\config_ss_win\org.eclipse.equinox.launcher\org.eclipse.equinox.launcher.win32.win32.x86_64_1.2.1300.v20250331-1702\eclipse_11911.dll
0x00007ffcf2aa0000 - 0x00007ffcf2bcb000 	C:\Windows\System32\ole32.dll
0x00007ffcf1000000 - 0x00007ffcf1018000 	C:\Windows\SYSTEM32\CRYPTSP.dll
0x00007ffcf0660000 - 0x00007ffcf0698000 	C:\Windows\system32\rsaenh.dll
0x00007ffcf1530000 - 0x00007ffcf155e000 	C:\Windows\SYSTEM32\USERENV.dll
0x00007ffcf1020000 - 0x00007ffcf102c000 	C:\Windows\SYSTEM32\CRYPTBASE.dll
0x00007ffcf0a80000 - 0x00007ffcf0abb000 	C:\Windows\SYSTEM32\IPHLPAPI.DLL
0x00007ffcf3830000 - 0x00007ffcf3838000 	C:\Windows\System32\NSI.dll

dbghelp: loaded successfully - version: 4.0.5 - missing functions: none
symbol engine: initialized successfully - sym options: 0x614 - pdb path: .;c:\Users\Lenovo\.vscode\extensions\redhat.java-1.43.1-win32-x64\jre\21.0.7-win32-x86_64\bin;C:\Windows\SYSTEM32;C:\Windows\WinSxS\amd64_microsoft.windows.common-controls_6595b64144ccf1df_6.0.19041.5915_none_60b4b9d171f9c7c7;c:\Users\Lenovo\.vscode\extensions\redhat.java-1.43.1-win32-x64\jre\21.0.7-win32-x86_64\bin\server;C:\Users\Lenovo\AppData\Roaming\Code\User\globalStorage\redhat.java\1.43.1\config_ss_win\org.eclipse.equinox.launcher\org.eclipse.equinox.launcher.win32.win32.x86_64_1.2.1300.v20250331-1702

VM Arguments:
jvm_args: --add-modules=ALL-SYSTEM --add-opens=java.base/java.util=ALL-UNNAMED --add-opens=java.base/java.lang=ALL-UNNAMED --add-opens=java.base/sun.nio.fs=ALL-UNNAMED -Declipse.application=org.eclipse.jdt.ls.core.id1 -Dosgi.bundles.defaultStartLevel=4 -Declipse.product=org.eclipse.jdt.ls.core.product -Djava.import.generatesMetadataFilesAtProjectRoot=false -DDetectVMInstallationsJob.disabled=true -Dfile.encoding=utf8 -XX:+UseParallelGC -XX:GCTimeRatio=4 -XX:AdaptiveSizePolicyWeight=90 -Dsun.zip.disableMemoryMapping=true -Xmx2G -Xms100m -Xlog:disable -javaagent:c:\Users\Lenovo\.vscode\extensions\redhat.java-1.43.1-win32-x64\lombok\lombok-1.18.39-4050.jar 
java_command: c:\Users\Lenovo\.vscode\extensions\redhat.java-1.43.1-win32-x64\server\plugins\org.eclipse.equinox.launcher_1.7.0.v20250519-0528.jar -configuration c:\Users\Lenovo\AppData\Roaming\Code\User\globalStorage\redhat.java\1.43.1\config_ss_win -data c:\Users\Lenovo\AppData\Roaming\Code\User\workspaceStorage\889652290e30421cbe770f740fbe2c44\redhat.java\ss_ws --pipe=\\.\pipe\lsp-c6fc6ccc2a1e87872085e5cbe7e9a708-sock
java_class_path (initial): c:\Users\Lenovo\.vscode\extensions\redhat.java-1.43.1-win32-x64\server\plugins\org.eclipse.equinox.launcher_1.7.0.v20250519-0528.jar
Launcher Type: SUN_STANDARD

[Global flags]
    uintx AdaptiveSizePolicyWeight                 = 90                                        {product} {command line}
     intx CICompilerCount                          = 4                                         {product} {ergonomic}
    uintx GCTimeRatio                              = 4                                         {product} {command line}
   size_t InitialHeapSize                          = 104857600                                 {product} {command line}
   size_t MaxHeapSize                              = 2147483648                                {product} {command line}
   size_t MaxNewSize                               = 715653120                                 {product} {ergonomic}
   size_t MinHeapDeltaBytes                        = 524288                                    {product} {ergonomic}
   size_t MinHeapSize                              = 104857600                                 {product} {command line}
   size_t NewSize                                  = 34603008                                  {product} {ergonomic}
    uintx NonNMethodCodeHeapSize                   = 5839372                                {pd product} {ergonomic}
    uintx NonProfiledCodeHeapSize                  = 122909434                              {pd product} {ergonomic}
   size_t OldSize                                  = 70254592                                  {product} {ergonomic}
    uintx ProfiledCodeHeapSize                     = 122909434                              {pd product} {ergonomic}
    uintx ReservedCodeCacheSize                    = 251658240                              {pd product} {ergonomic}
     bool SegmentedCodeCache                       = true                                      {product} {ergonomic}
   size_t SoftMaxHeapSize                          = 2147483648                             {manageable} {ergonomic}
     bool UseCompressedOops                        = true                           {product lp64_product} {ergonomic}
     bool UseLargePagesIndividualAllocation        = false                                  {pd product} {ergonomic}
     bool UseParallelGC                            = true                                      {product} {command line}

Logging:
Log output configuration:
 #0: stdout all=off uptime,level,tags foldmultilines=false
 #1: stderr all=off uptime,level,tags foldmultilines=false

Environment Variables:
JAVA_HOME=C:\Program Files\Microsoft\jdk-17.0.15.6-hotspot\
PATH=C:\Program Files\Microsoft\jdk-17.0.15.6-hotspot\bin;C:\Python313\Scripts\;C:\Python313\;C:\Windows\system32;C:\Windows;C:\Windows\System32\Wbem;C:\Windows\System32\WindowsPowerShell\v1.0\;C:\Windows\System32\OpenSSH\;C:\Program Files\Git\cmd;C:\Program Files\nodejs\;C:\ProgramData\chocolatey\bin;C:\Users\Lenovo\AppData\Local\Android\Sdk\tools;C:\Users\Lenovo\AppData\Local\Microsoft\WindowsApps;C:\Users\Lenovo\AppData\Local\Programs\Microsoft VS Code\bin;C:\Users\Lenovo\AppData\Roaming\npm;C:\Users\Lenovo\AppData\Local\Android\Sdk\platform-tools;C:\Users\Lenovo\AppData\Local\Programs\cursor\resources\app\bin
USERNAME=Lenovo
OS=Windows_NT
PROCESSOR_IDENTIFIER=Intel64 Family 6 Model 142 Stepping 12, GenuineIntel
TMP=C:\Users\Lenovo\AppData\Local\Temp
TEMP=C:\Users\Lenovo\AppData\Local\Temp




Periodic native trim disabled

---------------  S Y S T E M  ---------------

OS:
 Windows 10 , 64 bit Build 19041 (10.0.19041.5915)
OS uptime: 11 days 3:14 hours

CPU: total 8 (initial active 8) (4 cores per cpu, 2 threads per core) family 6 model 142 stepping 12 microcode 0xfa, cx8, cmov, fxsr, ht, mmx, 3dnowpref, sse, sse2, sse3, ssse3, sse4.1, sse4.2, popcnt, lzcnt, tsc, tscinvbit, avx, avx2, aes, erms, clmul, bmi1, bmi2, adx, fma, vzeroupper, clflush, clflushopt, rdtscp, f16c
Processor Information for the first 8 processors :
  Max Mhz: 2112, Current Mhz: 804, Mhz Limit: 802

Memory: 4k page, system-wide physical 16138M (2535M free)
TotalPageFile size 34148M (AvailPageFile size 105M)
current process WorkingSet (physical memory assigned to process): 112M, peak: 112M
current process commit charge ("private bytes"): 255M, peak: 255M

vm_info: OpenJDK 64-Bit Server VM (21.0.7+6-LTS) for windows-amd64 JRE (21.0.7+6-LTS), built on 2025-04-15T00:00:00Z by "admin" with MS VC++ 17.7 (VS2022)

END.
